Performing C++ SOURCE FILE Test CMAKE_HAVE_LIBC_PTHREAD failed with the following output:
Change Dir: /home/mesh/GIT/strategia/cmake-build-debug/CMakeFiles/CMakeTmp

Run Build Command(s):/usr/bin/make -f Makefile cmTC_5b985/fast && /usr/bin/make  -f CMakeFiles/cmTC_5b985.dir/build.make CMakeFiles/cmTC_5b985.dir/build
make[1]: вход в каталог «/home/mesh/GIT/strategia/cmake-build-debug/CMakeFiles/CMakeTmp»
Building CXX object CMakeFiles/cmTC_5b985.dir/src.cxx.o
/usr/bin/c++ -DCMAKE_HAVE_LIBC_PTHREAD  -fPIE -std=gnu++17 -o CMakeFiles/cmTC_5b985.dir/src.cxx.o -c /home/mesh/GIT/strategia/cmake-build-debug/CMakeFiles/CMakeTmp/src.cxx
Linking CXX executable cmTC_5b985
/home/mesh/Downloads/clion-2021.3/bin/cmake/linux/bin/cmake -E cmake_link_script CMakeFiles/cmTC_5b985.dir/link.txt --verbose=1
/usr/bin/c++ CMakeFiles/cmTC_5b985.dir/src.cxx.o -o cmTC_5b985 
/usr/bin/ld: CMakeFiles/cmTC_5b985.dir/src.cxx.o: в функции «main»:
src.cxx:(.text+0x46): неопределённая ссылка на «pthread_create»
/usr/bin/ld: src.cxx:(.text+0x52): неопределённая ссылка на «pthread_detach»
/usr/bin/ld: src.cxx:(.text+0x5e): неопределённая ссылка на «pthread_cancel»
/usr/bin/ld: src.cxx:(.text+0x6f): неопределённая ссылка на «pthread_join»
collect2: error: ld returned 1 exit status
make[1]: *** [CMakeFiles/cmTC_5b985.dir/build.make:99: cmTC_5b985] Ошибка 1
make[1]: выход из каталога «/home/mesh/GIT/strategia/cmake-build-debug/CMakeFiles/CMakeTmp»
make: *** [Makefile:127: cmTC_5b985/fast] Ошибка 2


Source file was:
#include <pthread.h>

static void* test_func(void* data)
{
  return data;
}

int main(void)
{
  pthread_t thread;
  pthread_create(&thread, NULL, test_func, NULL);
  pthread_detach(thread);
  pthread_cancel(thread);
  pthread_join(thread, NULL);
  pthread_atfork(NULL, NULL, NULL);
  pthread_exit(NULL);

  return 0;
}

